<?xml version="1.0" encoding="UTF-8"?>
<testsuite xmlns:xsi="http://www.w3.org/2001/XMLSchema-instance" xsi:noNamespaceSchemaLocation="https://maven.apache.org/surefire/maven-surefire-plugin/xsd/surefire-test-report-3.0.xsd" version="3.0" name="com.tictactoe.ComputerPlayerTest" time="3.109" tests="5" errors="0" skipped="0" failures="0">
  <properties>
[...]
</properties>
  <testcase name="testMediumComputerPlayerBlocksOpponentWin" classname="com.tictactoe.ComputerPlayerTest" time="0.658">
    <system-out><![CDATA[&amp#27;[0;90mComputer (MEDIUM) is thinking...&amp#27;[0m
]]></system-out>
  </testcase>
  <testcase name="testMediumComputerPlayerTakesWinningMove" classname="com.tictactoe.ComputerPlayerTest" time="0.602">
    <system-out><![CDATA[&amp#27;[0;90mComputer (MEDIUM) is thinking...&amp#27;[0m
]]></system-out>
  </testcase>
  <testcase name="testEasyComputerPlayerValidMove" classname="com.tictactoe.ComputerPlayerTest" time="0.603">
    <system-out><![CDATA[&amp#27;[0;90mComputer (EASY) is thinking...&amp#27;[0m
]]></system-out>
  </testcase>
  <testcase name="testMediumComputerPlayerCenterOccupiedFallback" classname="com.tictactoe.ComputerPlayerTest" time="0.604">
    <system-out><![CDATA[&amp#27;[0;90mComputer (MEDIUM) is thinking...&amp#27;[0m
]]></system-out>
  </testcase>
  <testcase name="testMediumComputerPlayerTakesCenter" classname="com.tictactoe.ComputerPlayerTest" time="0.602">
    <system-out><![CDATA[&amp#27;[0;90mComputer (MEDIUM) is thinking...&amp#27;[0m
]]></system-out>
  </testcase>
</testsuite>